<?xml version="1.0" encoding="UTF-8"?>
<!-- Generated by org.testng.reporters.JUnitXMLReporter -->
<testsuite ignored="0" hostname="Apurva" failures="0" tests="3" name="Surefire test" time="12.455" errors="0" timestamp="2024-04-01T12:38:55 IST">
  <testcase classname="Learning.Ecomm.Tests.SubmitOrderTest" name="SubmitOrder" time="3.33"/>
  <testcase classname="Learning.Ecomm.Tests.SubmitOrderTest" name="SubmitOrder" time="3.325"/>
  <testcase classname="Learning.Ecomm.Tests.SubmitOrderTest" name="OrderHistoryTest" time="0.415"/>
</testsuite> <!-- Surefire test -->
