<?xml version="1.0" encoding="UTF-8"?>
<!-- Generated by org.testng.reporters.JUnitXMLReporter -->
<testsuite ignored="0" hostname="Apurva" failures="1" tests="2" name="Error Valdiations Tests" time="6.6" errors="0" timestamp="2024-03-29T13:22:57 IST">
  <testcase classname="Learning.Ecomm.Tests.ErrorValidations" name="SubmitOrder" time="0.323">
    <skipped/>
  </testcase> <!-- SubmitOrder -->
  <testcase classname="Learning.Ecomm.Tests.ErrorValidations" name="SubmitOrder" time="0.825">
    <failure type="org.junit.ComparisonFailure" message="expected:&amp;lt;Incorrect email []password.&amp;gt; but was:&amp;lt;Incorrect email [or ]password.&amp;gt;">
      <![CDATA[org.junit.ComparisonFailure: expected:<Incorrect email []password.> but was:<Incorrect email [or ]password.>
at org.junit.Assert.assertEquals(Assert.java:115)
at org.junit.Assert.assertEquals(Assert.java:144)
at Learning.Ecomm.Tests.ErrorValidations.SubmitOrder(ErrorValidations.java:21)
at java.base/java.util.ArrayList.forEach(ArrayList.java:1596)
... Removed 25 stack frames]]>
    </failure>
  </testcase> <!-- SubmitOrder -->
</testsuite> <!-- Error Valdiations Tests -->
