<?xml version="1.0" encoding="UTF-8"?>
<!-- Generated by org.testng.reporters.JUnitXMLReporter -->
<testsuite ignored="1" hostname="Apurva" failures="2" tests="2" name="Purchase" time="0.093" errors="0" timestamp="2024-03-26T12:17:20 IST">
  <testcase classname="Learning.Ecomm.Tests.SubmitOrderTest" name="SubmitOrder" time="0.015">
    <failure type="java.lang.NullPointerException" message="Cannot invoke &amp;quot;Object.pageobjects.LandingPage.loginApplication(String, String)&amp;quot; because &amp;quot;this.landingPage&amp;quot; is null">
      <![CDATA[java.lang.NullPointerException: Cannot invoke "Object.pageobjects.LandingPage.loginApplication(String, String)" because "this.landingPage" is null
at Learning.Ecomm.Tests.SubmitOrderTest.SubmitOrder(SubmitOrderTest.java:28)
at java.base/java.util.ArrayList.forEach(ArrayList.java:1596)
... Removed 25 stack frames]]>
    </failure>
  </testcase> <!-- SubmitOrder -->
  <testcase classname="Learning.Ecomm.Tests.SubmitOrderTest" name="SubmitOrder" time="0.003">
    <failure type="java.lang.NullPointerException" message="Cannot invoke &amp;quot;Object.pageobjects.LandingPage.loginApplication(String, String)&amp;quot; because &amp;quot;this.landingPage&amp;quot; is null">
      <![CDATA[java.lang.NullPointerException: Cannot invoke "Object.pageobjects.LandingPage.loginApplication(String, String)" because "this.landingPage" is null
at Learning.Ecomm.Tests.SubmitOrderTest.SubmitOrder(SubmitOrderTest.java:28)
at java.base/java.util.ArrayList.forEach(ArrayList.java:1596)
... Removed 25 stack frames]]>
    </failure>
  </testcase> <!-- SubmitOrder -->
  <testcase classname="Learning.Ecomm.Tests.SubmitOrderTest" name="OrderHistoryTest" time="0.0">
    <ignored/>
  </testcase> <!-- OrderHistoryTest -->
</testsuite> <!-- Purchase -->
