<?xml version="1.0" encoding="UTF-8"?>
<!-- Generated by org.testng.reporters.JUnitXMLReporter -->
<testsuite ignored="0" hostname="Apurva" failures="0" tests="3" name="Submit Order Test" time="12.256" errors="0" timestamp="2024-03-29T13:22:51 IST">
  <testcase classname="Learning.Ecomm.Tests.SubmitOrderTest" name="SubmitOrder" time="3.412"/>
  <testcase classname="Learning.Ecomm.Tests.SubmitOrderTest" name="SubmitOrder" time="3.309"/>
  <testcase classname="Learning.Ecomm.Tests.SubmitOrderTest" name="OrderHistoryTest" time="0.465"/>
</testsuite> <!-- Submit Order Test -->
