<?xml version="1.0" encoding="UTF-8"?>
<!-- Generated by org.testng.reporters.JUnitXMLReporter -->
<testsuite ignored="0" hostname="Apurva" failures="0" tests="3" name="Submit Order Test" time="14.705" errors="0" timestamp="2024-04-03T10:25:22 IST">
  <testcase classname="Learning.Ecomm.Tests.SubmitOrderTest" name="SubmitOrder" time="3.325"/>
  <testcase classname="Learning.Ecomm.Tests.SubmitOrderTest" name="SubmitOrder" time="3.374"/>
  <testcase classname="Learning.Ecomm.Tests.SubmitOrderTest" name="OrderHistoryTest" time="0.417"/>
</testsuite> <!-- Submit Order Test -->
