<?xml version="1.0" encoding="UTF-8"?>
<testng-results ignored="0" total="4" passed="4" failed="0" skipped="0">
  <reporter-output>
  </reporter-output>
  <suite started-at="2024-04-03T10:25:07 IST" name="Suite" finished-at="2024-04-03T10:25:24 IST" duration-ms="16899">
    <groups>
      <group name="Purchase">
        <method signature="SubmitOrderTest.SubmitOrder(java.lang.String,java.lang.String,java.lang.String)[pri:0, instance:Learning.Ecomm.Tests.SubmitOrderTest@533bda92]" name="SubmitOrder" class="Learning.Ecomm.Tests.SubmitOrderTest"/>
      </group> <!-- Purchase -->
    </groups>
    <test started-at="2024-04-03T10:25:07 IST" name="Submit Order Test" finished-at="2024-04-03T10:25:22 IST" duration-ms="14705">
      <class name="Learning.Ecomm.Tests.SubmitOrderTest">
        <test-method is-config="true" signature="launchApplication()[pri:0, instance:Learning.Ecomm.Tests.SubmitOrderTest@533bda92]" started-at="2024-04-03T10:25:07 IST" name="launchApplication" finished-at="2024-04-03T10:25:11 IST" duration-ms="3709" status="PASS">
          <reporter-output>
          </reporter-output>
        </test-method> <!-- launchApplication -->
        <test-method signature="SubmitOrder(java.lang.String,java.lang.String,java.lang.String)[pri:0, instance:Learning.Ecomm.Tests.SubmitOrderTest@533bda92]" started-at="2024-04-03T10:25:11 IST" name="SubmitOrder" data-provider="getData" finished-at="2024-04-03T10:25:14 IST" duration-ms="3325" status="PASS">
          <params>
            <param index="0">
              <value>
                <![CDATA[apupatil50@gmail.com]]>
              </value>
            </param>
            <param index="1">
              <value>
                <![CDATA[Apurva@11]]>
              </value>
            </param>
            <param index="2">
              <value>
                <![CDATA[ZARA COAT 3]]>
              </value>
            </param>
          </params>
          <reporter-output>
          </reporter-output>
        </test-method> <!-- SubmitOrder -->
        <test-method is-config="true" signature="tearDown()[pri:0, instance:Learning.Ecomm.Tests.SubmitOrderTest@533bda92]" started-at="2024-04-03T10:25:14 IST" name="tearDown" finished-at="2024-04-03T10:25:14 IST" duration-ms="74" status="PASS">
          <reporter-output>
          </reporter-output>
        </test-method> <!-- tearDown -->
        <test-method is-config="true" signature="launchApplication()[pri:0, instance:Learning.Ecomm.Tests.SubmitOrderTest@533bda92]" started-at="2024-04-03T10:25:14 IST" name="launchApplication" finished-at="2024-04-03T10:25:16 IST" duration-ms="1454" status="PASS">
          <reporter-output>
          </reporter-output>
        </test-method> <!-- launchApplication -->
        <test-method signature="SubmitOrder(java.lang.String,java.lang.String,java.lang.String)[pri:0, instance:Learning.Ecomm.Tests.SubmitOrderTest@533bda92]" started-at="2024-04-03T10:25:16 IST" name="SubmitOrder" data-provider="getData" finished-at="2024-04-03T10:25:19 IST" duration-ms="3374" status="PASS">
          <params>
            <param index="0">
              <value>
                <![CDATA[Xtreme@gmail.com]]>
              </value>
            </param>
            <param index="1">
              <value>
                <![CDATA[Xtreme1104]]>
              </value>
            </param>
            <param index="2">
              <value>
                <![CDATA[ADIDAS ORIGINAL]]>
              </value>
            </param>
          </params>
          <reporter-output>
          </reporter-output>
        </test-method> <!-- SubmitOrder -->
        <test-method is-config="true" signature="tearDown()[pri:0, instance:Learning.Ecomm.Tests.SubmitOrderTest@533bda92]" started-at="2024-04-03T10:25:19 IST" name="tearDown" finished-at="2024-04-03T10:25:19 IST" duration-ms="78" status="PASS">
          <reporter-output>
          </reporter-output>
        </test-method> <!-- tearDown -->
        <test-method is-config="true" signature="launchApplication()[pri:0, instance:Learning.Ecomm.Tests.SubmitOrderTest@533bda92]" started-at="2024-04-03T10:25:19 IST" name="launchApplication" finished-at="2024-04-03T10:25:21 IST" duration-ms="2161" status="PASS">
          <reporter-output>
          </reporter-output>
        </test-method> <!-- launchApplication -->
        <test-method signature="OrderHistoryTest()[pri:0, instance:Learning.Ecomm.Tests.SubmitOrderTest@533bda92]" started-at="2024-04-03T10:25:21 IST" name="OrderHistoryTest" finished-at="2024-04-03T10:25:22 IST" depends-on-methods="Learning.Ecomm.Tests.SubmitOrderTest.SubmitOrder" duration-ms="417" status="PASS">
          <reporter-output>
          </reporter-output>
        </test-method> <!-- OrderHistoryTest -->
        <test-method is-config="true" signature="tearDown()[pri:0, instance:Learning.Ecomm.Tests.SubmitOrderTest@533bda92]" started-at="2024-04-03T10:25:22 IST" name="tearDown" finished-at="2024-04-03T10:25:22 IST" duration-ms="69" status="PASS">
          <reporter-output>
          </reporter-output>
        </test-method> <!-- tearDown -->
      </class> <!-- Learning.Ecomm.Tests.SubmitOrderTest -->
    </test> <!-- Submit Order Test -->
    <test started-at="2024-04-03T10:25:22 IST" name="Error Valdiations Tests" finished-at="2024-04-03T10:25:24 IST" duration-ms="1905">
      <class name="Learning.Ecomm.Tests.ErrorValidations">
        <test-method is-config="true" signature="launchApplication()[pri:0, instance:Learning.Ecomm.Tests.ErrorValidations@5c7bfdc1]" started-at="2024-04-03T10:25:22 IST" name="launchApplication" finished-at="2024-04-03T10:25:23 IST" duration-ms="1438" status="PASS">
          <reporter-output>
          </reporter-output>
        </test-method> <!-- launchApplication -->
        <test-method signature="SubmitOrder()[pri:0, instance:Learning.Ecomm.Tests.ErrorValidations@5c7bfdc1]" started-at="2024-04-03T10:25:23 IST" name="SubmitOrder" finished-at="2024-04-03T10:25:24 IST" duration-ms="391" status="PASS">
          <reporter-output>
          </reporter-output>
        </test-method> <!-- SubmitOrder -->
        <test-method is-config="true" signature="tearDown()[pri:0, instance:Learning.Ecomm.Tests.ErrorValidations@5c7bfdc1]" started-at="2024-04-03T10:25:24 IST" name="tearDown" finished-at="2024-04-03T10:25:24 IST" duration-ms="73" status="PASS">
          <reporter-output>
          </reporter-output>
        </test-method> <!-- tearDown -->
      </class> <!-- Learning.Ecomm.Tests.ErrorValidations -->
    </test> <!-- Error Valdiations Tests -->
  </suite> <!-- Suite -->
</testng-results>
